<?xml version="1.0" encoding="UTF-8"?>
<testsuite name="backend.BackendApplicationTests" tests="1" skipped="0" failures="0" errors="0" timestamp="2026-04-12T21:18:34.303Z" hostname="ubuntu-pc" time="3.807">
  <properties/>
  <testcase name="contextLoads()" classname="backend.BackendApplicationTests" time="0.413"/>
  <system-out><![CDATA[15:18:34.489 [Test worker] INFO org.springframework.test.context.support.AnnotationConfigContextLoaderUtils -- Could not detect default configuration classes for test class [backend.BackendApplicationTests]: BackendApplicationTests does not declare any static, non-private, non-final, nested classes annotated with @Configuration.
15:18:34.583 [Test worker] INFO org.springframework.boot.test.context.SpringBootTestContextBootstrapper -- Found @SpringBootConfiguration backend.BackendApplication for test class backend.BackendApplicationTests
15:18:34.646 [Test worker] INFO org.springframework.test.context.support.AnnotationConfigContextLoaderUtils -- Could not detect default configuration classes for test class [backend.BackendApplicationTests]: BackendApplicationTests does not declare any static, non-private, non-final, nested classes annotated with @Configuration.
15:18:34.648 [Test worker] INFO org.springframework.boot.test.context.SpringBootTestContextBootstrapper -- Found @SpringBootConfiguration backend.BackendApplication for test class backend.BackendApplicationTests

  .   ____          _            __ _ _
 /\\ / ___'_ __ _ _(_)_ __  __ _ \ \ \ \
( ( )\___ | '_ | '_| | '_ \/ _` | \ \ \ \
 \\/  ___)| |_)| | | | | || (_| |  ) ) ) )
  '  |____| .__|_| |_|_| |_\__, | / / / /
 =========|_|==============|___/=/_/_/_/

 :: Spring Boot ::                (v4.0.5)

2026-04-12T15:18:34.940-06:00  INFO 2038777 --- [backend] [    Test worker] backend.BackendApplicationTests          : Starting BackendApplicationTests using Java 17.0.18 with PID 2038777 (started by root in /home/mariccy/Documentos/DAW135-Ecommerce-academico/DAW135-Ecommerce-Academico/backend/backend)
2026-04-12T15:18:34.942-06:00  INFO 2038777 --- [backend] [    Test worker] backend.BackendApplicationTests          : No active profile set, falling back to 1 default profile: "default"
2026-04-12T15:18:35.556-06:00  INFO 2038777 --- [backend] [    Test worker] .s.d.r.c.RepositoryConfigurationDelegate : Bootstrapping Spring Data JPA repositories in DEFAULT mode.
2026-04-12T15:18:35.574-06:00  INFO 2038777 --- [backend] [    Test worker] .s.d.r.c.RepositoryConfigurationDelegate : Finished Spring Data repository scanning in 10 ms. Found 0 JPA repository interfaces.
2026-04-12T15:18:35.926-06:00  INFO 2038777 --- [backend] [    Test worker] org.hibernate.orm.jpa                    : HHH008540: Processing PersistenceUnitInfo [name: default]
2026-04-12T15:18:35.961-06:00  INFO 2038777 --- [backend] [    Test worker] org.hibernate.orm.core                   : HHH000001: Hibernate ORM core version 7.2.7.Final
2026-04-12T15:18:36.313-06:00  INFO 2038777 --- [backend] [    Test worker] o.s.o.j.p.SpringPersistenceUnitInfo      : No LoadTimeWeaver setup: ignoring JPA class transformer
2026-04-12T15:18:36.335-06:00  INFO 2038777 --- [backend] [    Test worker] com.zaxxer.hikari.HikariDataSource       : HikariPool-1 - Starting...
2026-04-12T15:18:36.581-06:00  INFO 2038777 --- [backend] [    Test worker] com.zaxxer.hikari.pool.HikariPool        : HikariPool-1 - Added connection org.postgresql.jdbc.PgConnection@c86c486
2026-04-12T15:18:36.583-06:00  INFO 2038777 --- [backend] [    Test worker] com.zaxxer.hikari.HikariDataSource       : HikariPool-1 - Start completed.
2026-04-12T15:18:36.610-06:00  WARN 2038777 --- [backend] [    Test worker] org.hibernate.orm.deprecation            : HHH90000025: PostgreSQLDialect does not need to be specified explicitly using 'hibernate.dialect' (remove the property setting and it will be selected by default)
2026-04-12T15:18:36.627-06:00  INFO 2038777 --- [backend] [    Test worker] org.hibernate.orm.connections.pooling    : HHH10001005: Database info:
	Database JDBC URL [jdbc:postgresql://localhost:5432/ecommerce_academico]
	Database driver: PostgreSQL JDBC Driver
	Database dialect: PostgreSQLDialect
	Database version: 16.13
	Default catalog/schema: ecommerce_academico/public
	Autocommit mode: undefined/unknown
	Isolation level: READ_COMMITTED [default READ_COMMITTED]
	JDBC fetch size: none
	Pool: DataSourceConnectionProvider
	Minimum pool size: undefined/unknown
	Maximum pool size: undefined/unknown
2026-04-12T15:18:36.975-06:00  INFO 2038777 --- [backend] [    Test worker] org.hibernate.orm.core                   : HHH000489: No JTA platform available (set 'hibernate.transaction.jta.platform' to enable JTA platform integration)
2026-04-12T15:18:36.983-06:00  INFO 2038777 --- [backend] [    Test worker] j.LocalContainerEntityManagerFactoryBean : Initialized JPA EntityManagerFactory for persistence unit 'default'
2026-04-12T15:18:37.140-06:00  WARN 2038777 --- [backend] [    Test worker] JpaBaseConfiguration$JpaWebConfiguration : spring.jpa.open-in-view is enabled by default. Therefore, database queries may be performed during view rendering. Explicitly configure spring.jpa.open-in-view to disable this warning
2026-04-12T15:18:37.677-06:00  INFO 2038777 --- [backend] [    Test worker] backend.BackendApplicationTests          : Started BackendApplicationTests in 2.979 seconds (process running for 4.132)
2026-04-12T15:18:37.682-06:00  WARN 2038777 --- [backend] [    Test worker] o.s.core.events.SpringDocAppInitializer  : SpringDoc /v3/api-docs endpoint is enabled by default. To disable it in production, set the property 'springdoc.api-docs.enabled=false'
2026-04-12T15:18:37.682-06:00  WARN 2038777 --- [backend] [    Test worker] o.s.core.events.SpringDocAppInitializer  : SpringDoc /swagger-ui.html endpoint is enabled by default. To disable it in production, set the property 'springdoc.swagger-ui.enabled=false'
]]></system-out>
  <system-err><![CDATA[]]></system-err>
</testsuite>
